This file contains any messages produced by compilers while
running configure, to aid debugging if configure makes a mistake.

It was created by configure, which was
generated by GNU Autoconf 2.69.  Invocation command line was

  $ ./configure 

## --------- ##
## Platform. ##
## --------- ##

hostname = DESKTOP-N9GDISC
uname -m = x86_64
uname -r = 4.4.0-18362-Microsoft
uname -s = Linux
uname -v = #1049-Microsoft Thu Aug 14 12:01:00 PST 2020

/usr/bin/uname -p = x86_64
/bin/uname -X     = unknown

/bin/arch              = x86_64
/usr/bin/arch -k       = unknown
/usr/convex/getsysinfo = unknown
/usr/bin/hostinfo      = unknown
/bin/machine           = unknown
/usr/bin/oslevel       = unknown
/bin/universe          = unknown

PATH: /usr/local/sbin
PATH: /usr/local/bin
PATH: /usr/sbin
PATH: /usr/bin
PATH: /sbin
PATH: /bin
PATH: /usr/games
PATH: /usr/local/games
PATH: /mnt/c/Program Files/WindowsApps/CanonicalGroupLimited.Ubuntu20.04onWindows_2004.2020.812.0_x64__79rhkp1fndgsc
PATH: /mnt/c/Program Files (x86)/Common Files/Oracle/Java/javapath
PATH: /mnt/c/WINDOWS/system32
PATH: /mnt/c/WINDOWS
PATH: /mnt/c/WINDOWS/System32/Wbem
PATH: /mnt/c/WINDOWS/System32/WindowsPowerShell/v1.0/
PATH: /mnt/c/WINDOWS/System32/OpenSSH/
PATH: /mnt/c/Program Files/MySQL/MySQL Shell 8.0/bin/
PATH: /mnt/c/Users/Bruno/AppData/Local/Microsoft/WindowsApps
PATH: /mnt/c/Users/Bruno/AppData/Local/Programs/Microsoft VS Code/bin
PATH: /mnt/c/Users/Bruno/AppData/Local/GitHubDesktop/bin
PATH: /snap/bin


## ----------- ##
## Core tests. ##
## ----------- ##

configure:2285: checking for g++
configure:2301: found /usr/bin/g++
configure:2312: result: g++
configure:2339: checking for C++ compiler version
configure:2348: g++ --version >&5
g++ (Ubuntu 9.3.0-17ubuntu1~20.04) 9.3.0
Copyright (C) 2019 Free Software Foundation, Inc.
This is free software; see the source for copying conditions.  There is NO
warranty; not even for MERCHANTABILITY or FITNESS FOR A PARTICULAR PURPOSE.

configure:2359: $? = 0
configure:2348: g++ -v >&5
Using built-in specs.
COLLECT_GCC=g++
COLLECT_LTO_WRAPPER=/usr/lib/gcc/x86_64-linux-gnu/9/lto-wrapper
OFFLOAD_TARGET_NAMES=nvptx-none:hsa
OFFLOAD_TARGET_DEFAULT=1
Target: x86_64-linux-gnu
Configured with: ../src/configure -v --with-pkgversion='Ubuntu 9.3.0-17ubuntu1~20.04' --with-bugurl=file:///usr/share/doc/gcc-9/README.Bugs --enable-languages=c,ada,c++,go,brig,d,fortran,objc,obj-c++,gm2 --prefix=/usr --with-gcc-major-version-only --program-suffix=-9 --program-prefix=x86_64-linux-gnu- --enable-shared --enable-linker-build-id --libexecdir=/usr/lib --without-included-gettext --enable-threads=posix --libdir=/usr/lib --enable-nls --enable-clocale=gnu --enable-libstdcxx-debug --enable-libstdcxx-time=yes --with-default-libstdcxx-abi=new --enable-gnu-unique-object --disable-vtable-verify --enable-plugin --enable-default-pie --with-system-zlib --with-target-system-zlib=auto --enable-objc-gc=auto --enable-multiarch --disable-werror --with-arch-32=i686 --with-abi=m64 --with-multilib-list=m32,m64,mx32 --enable-multilib --with-tune=generic --enable-offload-targets=nvptx-none=/build/gcc-9-HskZEa/gcc-9-9.3.0/debian/tmp-nvptx/usr,hsa --without-cuda-driver --enable-checking=release --build=x86_64-linux-gnu --host=x86_64-linux-gnu --target=x86_64-linux-gnu
Thread model: posix
gcc version 9.3.0 (Ubuntu 9.3.0-17ubuntu1~20.04) 
configure:2359: $? = 0
configure:2348: g++ -V >&5
g++: error: unrecognized command line option '-V'
g++: fatal error: no input files
compilation terminated.
configure:2359: $? = 1
configure:2348: g++ -qversion >&5
g++: error: unrecognized command line option '-qversion'; did you mean '--version'?
g++: fatal error: no input files
compilation terminated.
configure:2359: $? = 1
configure:2379: checking whether the C++ compiler works
configure:2401: g++    conftest.cpp  >&5
configure:2405: $? = 0
configure:2453: result: yes
configure:2456: checking for C++ compiler default output file name
configure:2458: result: a.out
configure:2464: checking for suffix of executables
configure:2471: g++ -o conftest    conftest.cpp  >&5
configure:2475: $? = 0
configure:2497: result: 
configure:2519: checking whether we are cross compiling
configure:2527: g++ -o conftest    conftest.cpp  >&5
configure:2531: $? = 0
configure:2538: ./conftest
configure:2542: $? = 0
configure:2530: result: no
configure:2535: checking for suffix of object files
configure:2557: g++ -c   conftest.cpp >&5
configure:2561: $? = 0
configure:2582: result: o
configure:2586: checking whether we are using the GNU C++ compiler
configure:2605: g++ -c   conftest.cpp >&5
configure:2605: $? = 0
configure:2614: result: yes
configure:2623: checking whether g++ accepts -g
configure:2643: g++ -c -g  conftest.cpp >&5
configure:2643: $? = 0
configure:2684: result: yes
configure:2724: checking how to run the C++ preprocessor
configure:2751: g++ -E  conftest.cpp
configure:2751: $? = 0
configure:2765: g++ -E  conftest.cpp
conftest.cpp:9:10: fatal error: ac_nonexistent.h: No such file or directory
    9 | #include <ac_nonexistent.h>
      |          ^~~~~~~~~~~~~~~~~~
compilation terminated.
configure:2765: $? = 1
configure: failed program was:
| /* confdefs.h */
| #define PACKAGE_NAME ""
| #define PACKAGE_TARNAME ""
| #define PACKAGE_VERSION ""
| #define PACKAGE_STRING ""
| #define PACKAGE_BUGREPORT ""
| #define PACKAGE_URL ""
| /* end confdefs.h.  */
| #include <ac_nonexistent.h>
configure:2790: result: g++ -E
configure:2810: g++ -E  conftest.cpp
configure:2810: $? = 0
configure:2824: g++ -E  conftest.cpp
conftest.cpp:9:10: fatal error: ac_nonexistent.h: No such file or directory
    9 | #include <ac_nonexistent.h>
      |          ^~~~~~~~~~~~~~~~~~
compilation terminated.
configure:2824: $? = 1
configure: failed program was:
| /* confdefs.h */
| #define PACKAGE_NAME ""
| #define PACKAGE_TARNAME ""
| #define PACKAGE_VERSION ""
| #define PACKAGE_STRING ""
| #define PACKAGE_BUGREPORT ""
| #define PACKAGE_URL ""
| /* end confdefs.h.  */
| #include <ac_nonexistent.h>
configure:2853: checking for grep that handles long lines and -e
configure:2911: result: /usr/bin/grep
configure:2916: checking for egrep
configure:2978: result: /usr/bin/grep -E
configure:2983: checking for ANSI C header files
configure:3003: g++ -c -g -O2  conftest.cpp >&5
configure:3003: $? = 0
configure:3076: g++ -o conftest -g -O2   conftest.cpp  >&5
configure:3076: $? = 0
configure:3076: ./conftest
configure:3076: $? = 0
configure:3087: result: yes
configure:3100: checking for sys/types.h
configure:3100: g++ -c -g -O2  conftest.cpp >&5
configure:3100: $? = 0
configure:3100: result: yes
configure:3100: checking for sys/stat.h
configure:3100: g++ -c -g -O2  conftest.cpp >&5
configure:3100: $? = 0
configure:3100: result: yes
configure:3100: checking for stdlib.h
configure:3100: g++ -c -g -O2  conftest.cpp >&5
configure:3100: $? = 0
configure:3100: result: yes
configure:3100: checking for string.h
configure:3100: g++ -c -g -O2  conftest.cpp >&5
configure:3100: $? = 0
configure:3100: result: yes
configure:3100: checking for memory.h
configure:3100: g++ -c -g -O2  conftest.cpp >&5
configure:3100: $? = 0
configure:3100: result: yes
configure:3100: checking for strings.h
configure:3100: g++ -c -g -O2  conftest.cpp >&5
configure:3100: $? = 0
configure:3100: result: yes
configure:3100: checking for inttypes.h
configure:3100: g++ -c -g -O2  conftest.cpp >&5
configure:3100: $? = 0
configure:3100: result: yes
configure:3100: checking for stdint.h
configure:3100: g++ -c -g -O2  conftest.cpp >&5
configure:3100: $? = 0
configure:3100: result: yes
configure:3100: checking for unistd.h
configure:3100: g++ -c -g -O2  conftest.cpp >&5
configure:3100: $? = 0
configure:3100: result: yes
configure:3113: checking minix/config.h usability
configure:3113: g++ -c -g -O2  conftest.cpp >&5
conftest.cpp:52:10: fatal error: minix/config.h: No such file or directory
   52 | #include <minix/config.h>
      |          ^~~~~~~~~~~~~~~~
compilation terminated.
configure:3113: $? = 1
configure: failed program was:
| /* confdefs.h */
| #define PACKAGE_NAME ""
| #define PACKAGE_TARNAME ""
| #define PACKAGE_VERSION ""
| #define PACKAGE_STRING ""
| #define PACKAGE_BUGREPORT ""
| #define PACKAGE_URL ""
| #define STDC_HEADERS 1
| #define HAVE_SYS_TYPES_H 1
| #define HAVE_SYS_STAT_H 1
| #define HAVE_STDLIB_H 1
| #define HAVE_STRING_H 1
| #define HAVE_MEMORY_H 1
| #define HAVE_STRINGS_H 1
| #define HAVE_INTTYPES_H 1
| #define HAVE_STDINT_H 1
| #define HAVE_UNISTD_H 1
| /* end confdefs.h.  */
| #include <stdio.h>
| #ifdef HAVE_SYS_TYPES_H
| # include <sys/types.h>
| #endif
| #ifdef HAVE_SYS_STAT_H
| # include <sys/stat.h>
| #endif
| #ifdef STDC_HEADERS
| # include <stdlib.h>
| # include <stddef.h>
| #else
| # ifdef HAVE_STDLIB_H
| #  include <stdlib.h>
| # endif
| #endif
| #ifdef HAVE_STRING_H
| # if !defined STDC_HEADERS && defined HAVE_MEMORY_H
| #  include <memory.h>
| # endif
| # include <string.h>
| #endif
| #ifdef HAVE_STRINGS_H
| # include <strings.h>
| #endif
| #ifdef HAVE_INTTYPES_H
| # include <inttypes.h>
| #endif
| #ifdef HAVE_STDINT_H
| # include <stdint.h>
| #endif
| #ifdef HAVE_UNISTD_H
| # include <unistd.h>
| #endif
| #include <minix/config.h>
configure:3113: result: no
configure:3113: checking minix/config.h presence
configure:3113: g++ -E  conftest.cpp
conftest.cpp:19:10: fatal error: minix/config.h: No such file or directory
   19 | #include <minix/config.h>
      |          ^~~~~~~~~~~~~~~~
compilation terminated.
configure:3113: $? = 1
configure: failed program was:
| /* confdefs.h */
| #define PACKAGE_NAME ""
| #define PACKAGE_TARNAME ""
| #define PACKAGE_VERSION ""
| #define PACKAGE_STRING ""
| #define PACKAGE_BUGREPORT ""
| #define PACKAGE_URL ""
| #define STDC_HEADERS 1
| #define HAVE_SYS_TYPES_H 1
| #define HAVE_SYS_STAT_H 1
| #define HAVE_STDLIB_H 1
| #define HAVE_STRING_H 1
| #define HAVE_MEMORY_H 1
| #define HAVE_STRINGS_H 1
| #define HAVE_INTTYPES_H 1
| #define HAVE_STDINT_H 1
| #define HAVE_UNISTD_H 1
| /* end confdefs.h.  */
| #include <minix/config.h>
configure:3113: result: no
configure:3113: checking for minix/config.h
configure:3113: result: no
configure:3134: checking whether it is safe to define __EXTENSIONS__
configure:3152: g++ -c -g -O2  conftest.cpp >&5
configure:3152: $? = 0
configure:3159: result: yes
configure:3598: checking whether make sets $(MAKE)
configure:3620: result: yes
configure:3677: checking for gcc
configure:3693: found /usr/bin/gcc
configure:3704: result: gcc
configure:3933: checking for C compiler version
configure:3942: gcc --version >&5
gcc (Ubuntu 9.3.0-17ubuntu1~20.04) 9.3.0
Copyright (C) 2019 Free Software Foundation, Inc.
This is free software; see the source for copying conditions.  There is NO
warranty; not even for MERCHANTABILITY or FITNESS FOR A PARTICULAR PURPOSE.

configure:3953: $? = 0
configure:3942: gcc -v >&5
Using built-in specs.
COLLECT_GCC=gcc
COLLECT_LTO_WRAPPER=/usr/lib/gcc/x86_64-linux-gnu/9/lto-wrapper
OFFLOAD_TARGET_NAMES=nvptx-none:hsa
OFFLOAD_TARGET_DEFAULT=1
Target: x86_64-linux-gnu
Configured with: ../src/configure -v --with-pkgversion='Ubuntu 9.3.0-17ubuntu1~20.04' --with-bugurl=file:///usr/share/doc/gcc-9/README.Bugs --enable-languages=c,ada,c++,go,brig,d,fortran,objc,obj-c++,gm2 --prefix=/usr --with-gcc-major-version-only --program-suffix=-9 --program-prefix=x86_64-linux-gnu- --enable-shared --enable-linker-build-id --libexecdir=/usr/lib --without-included-gettext --enable-threads=posix --libdir=/usr/lib --enable-nls --enable-clocale=gnu --enable-libstdcxx-debug --enable-libstdcxx-time=yes --with-default-libstdcxx-abi=new --enable-gnu-unique-object --disable-vtable-verify --enable-plugin --enable-default-pie --with-system-zlib --with-target-system-zlib=auto --enable-objc-gc=auto --enable-multiarch --disable-werror --with-arch-32=i686 --with-abi=m64 --with-multilib-list=m32,m64,mx32 --enable-multilib --with-tune=generic --enable-offload-targets=nvptx-none=/build/gcc-9-HskZEa/gcc-9-9.3.0/debian/tmp-nvptx/usr,hsa --without-cuda-driver --enable-checking=release --build=x86_64-linux-gnu --host=x86_64-linux-gnu --target=x86_64-linux-gnu
Thread model: posix
gcc version 9.3.0 (Ubuntu 9.3.0-17ubuntu1~20.04) 
configure:3953: $? = 0
configure:3942: gcc -V >&5
gcc: error: unrecognized command line option '-V'
gcc: fatal error: no input files
compilation terminated.
configure:3953: $? = 1
configure:3942: gcc -qversion >&5
gcc: error: unrecognized command line option '-qversion'; did you mean '--version'?
gcc: fatal error: no input files
compilation terminated.
configure:3953: $? = 1
configure:3957: checking whether we are using the GNU C compiler
configure:3976: gcc -c   conftest.c >&5
configure:3976: $? = 0
configure:3985: result: yes
configure:3994: checking whether gcc accepts -g
configure:4014: gcc -c -g  conftest.c >&5
configure:4014: $? = 0
configure:4055: result: yes
configure:4072: checking for gcc option to accept ISO C89
configure:4135: gcc  -c -g -O2  conftest.c >&5
configure:4135: $? = 0
configure:4148: result: none needed
configure:4280: checking for C++ compiler version
configure:4289: g++ --version >&5
g++ (Ubuntu 9.3.0-17ubuntu1~20.04) 9.3.0
Copyright (C) 2019 Free Software Foundation, Inc.
This is free software; see the source for copying conditions.  There is NO
warranty; not even for MERCHANTABILITY or FITNESS FOR A PARTICULAR PURPOSE.

configure:4300: $? = 0
configure:4289: g++ -v >&5
Using built-in specs.
COLLECT_GCC=g++
COLLECT_LTO_WRAPPER=/usr/lib/gcc/x86_64-linux-gnu/9/lto-wrapper
OFFLOAD_TARGET_NAMES=nvptx-none:hsa
OFFLOAD_TARGET_DEFAULT=1
Target: x86_64-linux-gnu
Configured with: ../src/configure -v --with-pkgversion='Ubuntu 9.3.0-17ubuntu1~20.04' --with-bugurl=file:///usr/share/doc/gcc-9/README.Bugs --enable-languages=c,ada,c++,go,brig,d,fortran,objc,obj-c++,gm2 --prefix=/usr --with-gcc-major-version-only --program-suffix=-9 --program-prefix=x86_64-linux-gnu- --enable-shared --enable-linker-build-id --libexecdir=/usr/lib --without-included-gettext --enable-threads=posix --libdir=/usr/lib --enable-nls --enable-clocale=gnu --enable-libstdcxx-debug --enable-libstdcxx-time=yes --with-default-libstdcxx-abi=new --enable-gnu-unique-object --disable-vtable-verify --enable-plugin --enable-default-pie --with-system-zlib --with-target-system-zlib=auto --enable-objc-gc=auto --enable-multiarch --disable-werror --with-arch-32=i686 --with-abi=m64 --with-multilib-list=m32,m64,mx32 --enable-multilib --with-tune=generic --enable-offload-targets=nvptx-none=/build/gcc-9-HskZEa/gcc-9-9.3.0/debian/tmp-nvptx/usr,hsa --without-cuda-driver --enable-checking=release --build=x86_64-linux-gnu --host=x86_64-linux-gnu --target=x86_64-linux-gnu
Thread model: posix
gcc version 9.3.0 (Ubuntu 9.3.0-17ubuntu1~20.04) 
configure:4300: $? = 0
configure:4289: g++ -V >&5
g++: error: unrecognized command line option '-V'
g++: fatal error: no input files
compilation terminated.
configure:4300: $? = 1
configure:4289: g++ -qversion >&5
g++: error: unrecognized command line option '-qversion'; did you mean '--version'?
g++: fatal error: no input files
compilation terminated.
configure:4300: $? = 1
configure:4304: checking whether we are using the GNU C++ compiler
configure:4332: result: yes
configure:4341: checking whether g++ accepts -g
configure:4402: result: yes
configure:4427: checking for ar
configure:4445: found /usr/bin/ar
configure:4457: result: /usr/bin/ar
configure:4478: checking whether byte ordering is bigendian
configure:4493: g++ -c -g -O2 -std=c++11  -I../common conftest.cpp >&5
conftest.cpp:25:9: error: expected unqualified-id before 'not' token
   25 |         not a universal capable compiler
      |         ^~~
configure:4493: $? = 1
configure: failed program was:
| /* confdefs.h */
| #define PACKAGE_NAME ""
| #define PACKAGE_TARNAME ""
| #define PACKAGE_VERSION ""
| #define PACKAGE_STRING ""
| #define PACKAGE_BUGREPORT ""
| #define PACKAGE_URL ""
| #define STDC_HEADERS 1
| #define HAVE_SYS_TYPES_H 1
| #define HAVE_SYS_STAT_H 1
| #define HAVE_STDLIB_H 1
| #define HAVE_STRING_H 1
| #define HAVE_MEMORY_H 1
| #define HAVE_STRINGS_H 1
| #define HAVE_INTTYPES_H 1
| #define HAVE_STDINT_H 1
| #define HAVE_UNISTD_H 1
| #define __EXTENSIONS__ 1
| #define _ALL_SOURCE 1
| #define _GNU_SOURCE 1
| #define _POSIX_PTHREAD_SEMANTICS 1
| #define _TANDEM_SOURCE 1
| /* end confdefs.h.  */
| #ifndef __APPLE_CC__
| 	       not a universal capable compiler
| 	     #endif
| 	     typedef int dummy;
| 
configure:4538: g++ -c -g -O2 -std=c++11  -I../common conftest.cpp >&5
configure:4538: $? = 0
configure:4556: g++ -c -g -O2 -std=c++11  -I../common conftest.cpp >&5
conftest.cpp: In function 'int main()':
conftest.cpp:31:8: error: 'big' was not declared in this scope
   31 |    not big endian
      |        ^~~
configure:4556: $? = 1
configure: failed program was:
| /* confdefs.h */
| #define PACKAGE_NAME ""
| #define PACKAGE_TARNAME ""
| #define PACKAGE_VERSION ""
| #define PACKAGE_STRING ""
| #define PACKAGE_BUGREPORT ""
| #define PACKAGE_URL ""
| #define STDC_HEADERS 1
| #define HAVE_SYS_TYPES_H 1
| #define HAVE_SYS_STAT_H 1
| #define HAVE_STDLIB_H 1
| #define HAVE_STRING_H 1
| #define HAVE_MEMORY_H 1
| #define HAVE_STRINGS_H 1
| #define HAVE_INTTYPES_H 1
| #define HAVE_STDINT_H 1
| #define HAVE_UNISTD_H 1
| #define __EXTENSIONS__ 1
| #define _ALL_SOURCE 1
| #define _GNU_SOURCE 1
| #define _POSIX_PTHREAD_SEMANTICS 1
| #define _TANDEM_SOURCE 1
| /* end confdefs.h.  */
| #include <sys/types.h>
| 		#include <sys/param.h>
| 
| int
| main ()
| {
| #if BYTE_ORDER != BIG_ENDIAN
| 		 not big endian
| 		#endif
| 
|   ;
|   return 0;
| }
configure:4684: result: no
configure:4753: checking whether gcc produces 32bit code
configure:4771: g++ -o conftest -g -O2 -std=c++11  -I../common  conftest.cpp  >&5
configure:4771: $? = 0
configure:4771: ./conftest
configure:4771: $? = 1
configure: program exited with status 1
configure: failed program was:
| /* confdefs.h */
| #define PACKAGE_NAME ""
| #define PACKAGE_TARNAME ""
| #define PACKAGE_VERSION ""
| #define PACKAGE_STRING ""
| #define PACKAGE_BUGREPORT ""
| #define PACKAGE_URL ""
| #define STDC_HEADERS 1
| #define HAVE_SYS_TYPES_H 1
| #define HAVE_SYS_STAT_H 1
| #define HAVE_STDLIB_H 1
| #define HAVE_STRING_H 1
| #define HAVE_MEMORY_H 1
| #define HAVE_STRINGS_H 1
| #define HAVE_INTTYPES_H 1
| #define HAVE_STDINT_H 1
| #define HAVE_UNISTD_H 1
| #define __EXTENSIONS__ 1
| #define _ALL_SOURCE 1
| #define _GNU_SOURCE 1
| #define _POSIX_PTHREAD_SEMANTICS 1
| #define _TANDEM_SOURCE 1
| /* end confdefs.h.  */
| 
| 		int main(int argc, char **argv){
| 			if(sizeof(void*) == 4) return 0;
| 			else return 1;
| 		}
| 
configure:4816: result: no
configure:4830: checking whether gcc supports __thread specifier (TLS)
configure:4849: g++ -o conftest -g -O2 -std=c++11  -I../common  conftest.cpp  >&5
configure:4849: $? = 0
configure:4849: ./conftest
configure:4849: $? = 0
configure:4851: result: yes
configure:4880: checking whether gcc supports -ffat-lto-objects
configure:4897: g++ -o conftest -g -O2 -std=c++11  -I../common -DHAS_TLS  -flto -fuse-linker-plugin -ffat-lto-objects conftest.cpp  >&5
configure:4897: $? = 0
configure:4897: ./conftest
configure:4897: $? = 0
configure:4899: result: yes
configure:4919: checking whether gcc supports -flto -fuse-linker-plugin
configure:4936: g++ -o conftest -g -O2 -std=c++11  -I../common -DHAS_TLS  -flto -fuse-linker-plugin conftest.cpp  >&5
configure:4936: $? = 0
configure:4936: ./conftest
configure:4936: $? = 0
configure:4938: result: yes
configure:4963: checking whether gcc supports -Wno-unused-parameter
configure:4971: g++ -c -g -O2 -std=c++11  -I../common -DHAS_TLS conftest.cpp >&5
configure:4971: $? = 0
configure:4981: g++ -c -g -O2 -std=c++11  -I../common -DHAS_TLS conftest.cpp >&5
configure:4981: $? = 0
configure:4983: result: yes
configure:4988: checking whether gcc can actually use -Wno-unused-parameter
configure:4995: g++ -c -g -O2 -std=c++11  -I../common -DHAS_TLS conftest.cpp >&5
configure:4995: $? = 0
configure:4997: result: not needed but enabled
configure:5051: checking whether gcc supports -Wempty-body
configure:5059: g++ -c -g -O2 -std=c++11  -I../common -DHAS_TLS conftest.cpp >&5
configure:5059: $? = 0
configure:5061: result: yes
configure:5100: checking whether gcc supports -Wno-switch
configure:5108: g++ -c -g -O2 -std=c++11  -I../common -DHAS_TLS conftest.cpp >&5
configure:5108: $? = 0
configure:5118: g++ -c -g -O2 -std=c++11  -I../common -DHAS_TLS conftest.cpp >&5
configure:5118: $? = 0
configure:5120: result: yes
configure:5188: checking whether gcc supports -Wno-missing-field-initializers
configure:5196: g++ -c -g -O2 -std=c++11  -I../common -DHAS_TLS conftest.cpp >&5
configure:5196: $? = 0
configure:5206: g++ -c -g -O2 -std=c++11  -I../common -DHAS_TLS conftest.cpp >&5
configure:5206: $? = 0
configure:5208: result: yes
configure:5275: checking whether compiler is clang
configure:5281: result: no
configure:5284: checking whether gcc supports -Wno-maybe-uninitialized
configure:5292: g++ -c -g -O2 -std=c++11  -I../common -DHAS_TLS conftest.cpp >&5
configure:5292: $? = 0
configure:5302: g++ -c -g -O2 -std=c++11  -I../common -DHAS_TLS conftest.cpp >&5
configure:5302: $? = 0
configure:5304: result: yes
configure:5372: checking whether gcc supports -Wno-clobbered
configure:5380: g++ -c -g -O2 -std=c++11  -I../common -DHAS_TLS conftest.cpp >&5
configure:5380: $? = 0
configure:5390: g++ -c -g -O2 -std=c++11  -I../common -DHAS_TLS conftest.cpp >&5
configure:5390: $? = 0
configure:5392: result: yes
configure:5466: checking whether gcc supports -Wshadow
configure:5474: g++ -c -g -O2 -std=c++11  -I../common -DHAS_TLS conftest.cpp >&5
configure:5474: $? = 0
configure:5476: result: yes
configure:5515: checking whether gcc can efficiently use -Wshadow
configure:5531: g++ -c -g -O2 -std=c++11  -I../common -DHAS_TLS conftest.cpp >&5
configure:5531: $? = 0
configure:5533: result: yes
configure:5548: checking whether gcc supports -fPIC
configure:5556: g++ -c -g -O2 -std=c++11  -I../common -DHAS_TLS conftest.cpp >&5
configure:5556: $? = 0
configure:5558: result: yes
configure:5576: checking how to make shared objects
configure:5597: g++ -o conftest -g -O2 -std=c++11  -I../common -DHAS_TLS  conftest.cpp  >&5
/usr/bin/ld: /usr/lib/gcc/x86_64-linux-gnu/9/../../../x86_64-linux-gnu/Scrt1.o: in function `_start':
(.text+0x24): undefined reference to `main'
collect2: error: ld returned 1 exit status
configure:5597: $? = 1
configure: failed program was:
| /* confdefs.h */
| #define PACKAGE_NAME ""
| #define PACKAGE_TARNAME ""
| #define PACKAGE_VERSION ""
| #define PACKAGE_STRING ""
| #define PACKAGE_BUGREPORT ""
| #define PACKAGE_URL ""
| #define STDC_HEADERS 1
| #define HAVE_SYS_TYPES_H 1
| #define HAVE_SYS_STAT_H 1
| #define HAVE_STDLIB_H 1
| #define HAVE_STRING_H 1
| #define HAVE_MEMORY_H 1
| #define HAVE_STRINGS_H 1
| #define HAVE_INTTYPES_H 1
| #define HAVE_STDINT_H 1
| #define HAVE_UNISTD_H 1
| #define __EXTENSIONS__ 1
| #define _ALL_SOURCE 1
| #define _GNU_SOURCE 1
| #define _POSIX_PTHREAD_SEMANTICS 1
| #define _TANDEM_SOURCE 1
| /* end confdefs.h.  */
| 
| 		int bar = 0;
| 
| 		int foo(void)
| 		{
| 			return bar;
| 		}
| 
configure:5619: g++ -o conftest -g -O2 -std=c++11  -I../common -DHAS_TLS  conftest.cpp  >&5
/usr/bin/ld: /usr/lib/gcc/x86_64-linux-gnu/9/../../../x86_64-linux-gnu/Scrt1.o: in function `_start':
(.text+0x24): undefined reference to `main'
collect2: error: ld returned 1 exit status
configure:5619: $? = 1
configure: failed program was:
| /* confdefs.h */
| #define PACKAGE_NAME ""
| #define PACKAGE_TARNAME ""
| #define PACKAGE_VERSION ""
| #define PACKAGE_STRING ""
| #define PACKAGE_BUGREPORT ""
| #define PACKAGE_URL ""
| #define STDC_HEADERS 1
| #define HAVE_SYS_TYPES_H 1
| #define HAVE_SYS_STAT_H 1
| #define HAVE_STDLIB_H 1
| #define HAVE_STRING_H 1
| #define HAVE_MEMORY_H 1
| #define HAVE_STRINGS_H 1
| #define HAVE_INTTYPES_H 1
| #define HAVE_STDINT_H 1
| #define HAVE_UNISTD_H 1
| #define __EXTENSIONS__ 1
| #define _ALL_SOURCE 1
| #define _GNU_SOURCE 1
| #define _POSIX_PTHREAD_SEMANTICS 1
| #define _TANDEM_SOURCE 1
| /* end confdefs.h.  */
| 
| 		int bar = 0;
| 
| 		int foo(void)
| 		{
| 			return bar;
| 		}
| 
configure:5630: result: not supported
configure:5632: compiler is unable to generate shared objects, disabled plugins (optional)
configure:5777: checking whether gcc supports -fno-strict-aliasing
configure:5785: g++ -c -g -O2 -std=c++11  -I../common -DHAS_TLS -fno-strict-aliasing conftest.cpp >&5
configure:5785: $? = 0
configure:5786: result: yes
configure:5807: checking for setrlimit
configure:5807: g++ -o conftest -g -O2 -std=c++11  -I../common -DHAS_TLS -fno-strict-aliasing  conftest.cpp  >&5
configure:5807: $? = 0
configure:5807: result: yes
configure:5817: checking for strnlen
configure:5817: g++ -o conftest -g -O2 -std=c++11  -I../common -DHAS_TLS -fno-strict-aliasing -DHAVE_SETRLIMIT  conftest.cpp  >&5
configure:5817: $? = 0
configure:5817: result: yes
configure:5826: checking for uselocale
configure:5826: g++ -o conftest -g -O2 -std=c++11  -I../common -DHAS_TLS -fno-strict-aliasing -DHAVE_SETRLIMIT -DHAVE_STRNLEN  conftest.cpp  >&5
configure:5826: $? = 0
configure:5826: result: yes
configure:5837: checking for newlocale
configure:5837: g++ -o conftest -g -O2 -std=c++11  -I../common -DHAS_TLS -fno-strict-aliasing -DHAVE_SETRLIMIT -DHAVE_STRNLEN  conftest.cpp  >&5
configure:5837: $? = 0
configure:5837: result: yes
configure:5848: checking for freelocale
configure:5848: g++ -o conftest -g -O2 -std=c++11  -I../common -DHAS_TLS -fno-strict-aliasing -DHAVE_SETRLIMIT -DHAVE_STRNLEN  conftest.cpp  >&5
configure:5848: $? = 0
configure:5848: result: yes
configure:5859: checking for xlocale.h
configure:5859: g++ -c -g -O2 -std=c++11  -I../common -DHAS_TLS -fno-strict-aliasing -DHAVE_SETRLIMIT -DHAVE_STRNLEN conftest.cpp >&5
conftest.cpp:33:10: fatal error: xlocale.h: No such file or directory
   33 | #include <xlocale.h>
      |          ^~~~~~~~~~~
compilation terminated.
configure:5859: $? = 1
configure: failed program was:
| /* confdefs.h */
| #define PACKAGE_NAME ""
| #define PACKAGE_TARNAME ""
| #define PACKAGE_VERSION ""
| #define PACKAGE_STRING ""
| #define PACKAGE_BUGREPORT ""
| #define PACKAGE_URL ""
| #define STDC_HEADERS 1
| #define HAVE_SYS_TYPES_H 1
| #define HAVE_SYS_STAT_H 1
| #define HAVE_STDLIB_H 1
| #define HAVE_STRING_H 1
| #define HAVE_MEMORY_H 1
| #define HAVE_STRINGS_H 1
| #define HAVE_INTTYPES_H 1
| #define HAVE_STDINT_H 1
| #define HAVE_UNISTD_H 1
| #define __EXTENSIONS__ 1
| #define _ALL_SOURCE 1
| #define _GNU_SOURCE 1
| #define _POSIX_PTHREAD_SEMANTICS 1
| #define _TANDEM_SOURCE 1
| #define HAVE_USELOCALE 1
| #define HAVE_NEWLOCALE 1
| #define HAVE_FREELOCALE 1
| /* end confdefs.h.  */
| 
| #ifdef HAVE_XLOCALE_H
|      # include <xlocale.h>
|      #endif
| 
| 
| #include <xlocale.h>
configure:5859: result: no
configure:6062: checking for library containing inflateEnd
configure:6093: g++ -o conftest -g -O2 -std=c++11  -I../common -DHAS_TLS -fno-strict-aliasing -DHAVE_SETRLIMIT -DHAVE_STRNLEN  -I/usr/include  -L/usr/lib conftest.cpp  >&5
/usr/bin/ld: /tmp/ccRTnMkc.o: in function `main':
/home/bruninho/plusro/conftest.cpp:38: undefined reference to `inflateEnd'
collect2: error: ld returned 1 exit status
configure:6093: $? = 1
configure: failed program was:
| /* confdefs.h */
| #define PACKAGE_NAME ""
| #define PACKAGE_TARNAME ""
| #define PACKAGE_VERSION ""
| #define PACKAGE_STRING ""
| #define PACKAGE_BUGREPORT ""
| #define PACKAGE_URL ""
| #define STDC_HEADERS 1
| #define HAVE_SYS_TYPES_H 1
| #define HAVE_SYS_STAT_H 1
| #define HAVE_STDLIB_H 1
| #define HAVE_STRING_H 1
| #define HAVE_MEMORY_H 1
| #define HAVE_STRINGS_H 1
| #define HAVE_INTTYPES_H 1
| #define HAVE_STDINT_H 1
| #define HAVE_UNISTD_H 1
| #define __EXTENSIONS__ 1
| #define _ALL_SOURCE 1
| #define _GNU_SOURCE 1
| #define _POSIX_PTHREAD_SEMANTICS 1
| #define _TANDEM_SOURCE 1
| #define HAVE_USELOCALE 1
| #define HAVE_NEWLOCALE 1
| #define HAVE_FREELOCALE 1
| /* end confdefs.h.  */
| 
| /* Override any GCC internal prototype to avoid an error.
|    Use char because int might match the return type of a GCC
|    builtin and then its argument prototype would still apply.  */
| #ifdef __cplusplus
| extern "C"
| #endif
| char inflateEnd ();
| int
| main ()
| {
| return inflateEnd ();
|   ;
|   return 0;
| }
configure:6093: g++ -o conftest -g -O2 -std=c++11  -I../common -DHAS_TLS -fno-strict-aliasing -DHAVE_SETRLIMIT -DHAVE_STRNLEN  -I/usr/include  -L/usr/lib conftest.cpp -lz   >&5
configure:6093: $? = 0
configure:6110: result: -lz
configure:6120: checking for zlib.h
configure:6120: g++ -c -g -O2 -std=c++11  -I../common -DHAS_TLS -fno-strict-aliasing -DHAVE_SETRLIMIT -DHAVE_STRNLEN  -I/usr/include conftest.cpp >&5
configure:6120: $? = 0
configure:6120: result: yes
configure:6137: checking for library containing sqrt
configure:6168: g++ -o conftest -g -O2 -std=c++11  -I../common -DHAS_TLS -fno-strict-aliasing -DHAVE_SETRLIMIT -DHAVE_STRNLEN  -I/usr/include  -L/usr/lib conftest.cpp -lz  >&5
conftest.cpp:34:6: warning: declaration of 'char sqrt()' conflicts with built-in declaration 'double sqrt(double)' [-Wbuiltin-declaration-mismatch]
   34 | char sqrt ();
      |      ^~~~
configure:6168: $? = 0
configure:6185: result: none required
configure:6200: checking for library containing clock_gettime
configure:6231: g++ -o conftest -g -O2 -std=c++11  -I../common -DHAS_TLS -fno-strict-aliasing -DHAVE_SETRLIMIT -DHAVE_STRNLEN  -I/usr/include  -L/usr/lib conftest.cpp -lz  >&5
configure:6231: $? = 0
configure:6248: result: none required
configure:6267: checking whether CLOCK_MONOTONIC is supported and works
configure:6290: g++ -o conftest -g -O2 -std=c++11  -I../common -DHAS_TLS -fno-strict-aliasing -DHAVE_SETRLIMIT -DHAVE_STRNLEN  -I/usr/include  -L/usr/lib conftest.cpp -lz  >&5
configure:6290: $? = 0
configure:6290: ./conftest
configure:6290: $? = 0
configure:6292: result: yes
configure:6314: checking for library containing pthread_create
configure:6345: g++ -o conftest -g -O2 -std=c++11  -I../common -DHAS_TLS -fno-strict-aliasing -DHAVE_SETRLIMIT -DHAVE_STRNLEN  -I/usr/include -DHAVE_MONOTONIC_CLOCK  -L/usr/lib conftest.cpp -lz  >&5
/usr/bin/ld: /tmp/ccNalr2s.o: in function `main':
/home/bruninho/plusro/conftest.cpp:38: undefined reference to `pthread_create'
collect2: error: ld returned 1 exit status
configure:6345: $? = 1
configure: failed program was:
| /* confdefs.h */
| #define PACKAGE_NAME ""
| #define PACKAGE_TARNAME ""
| #define PACKAGE_VERSION ""
| #define PACKAGE_STRING ""
| #define PACKAGE_BUGREPORT ""
| #define PACKAGE_URL ""
| #define STDC_HEADERS 1
| #define HAVE_SYS_TYPES_H 1
| #define HAVE_SYS_STAT_H 1
| #define HAVE_STDLIB_H 1
| #define HAVE_STRING_H 1
| #define HAVE_MEMORY_H 1
| #define HAVE_STRINGS_H 1
| #define HAVE_INTTYPES_H 1
| #define HAVE_STDINT_H 1
| #define HAVE_UNISTD_H 1
| #define __EXTENSIONS__ 1
| #define _ALL_SOURCE 1
| #define _GNU_SOURCE 1
| #define _POSIX_PTHREAD_SEMANTICS 1
| #define _TANDEM_SOURCE 1
| #define HAVE_USELOCALE 1
| #define HAVE_NEWLOCALE 1
| #define HAVE_FREELOCALE 1
| /* end confdefs.h.  */
| 
| /* Override any GCC internal prototype to avoid an error.
|    Use char because int might match the return type of a GCC
|    builtin and then its argument prototype would still apply.  */
| #ifdef __cplusplus
| extern "C"
| #endif
| char pthread_create ();
| int
| main ()
| {
| return pthread_create ();
|   ;
|   return 0;
| }
configure:6345: g++ -o conftest -g -O2 -std=c++11  -I../common -DHAS_TLS -fno-strict-aliasing -DHAVE_SETRLIMIT -DHAVE_STRNLEN  -I/usr/include -DHAVE_MONOTONIC_CLOCK  -L/usr/lib conftest.cpp -lpthread  -lz  >&5
configure:6345: $? = 0
configure:6362: result: -lpthread
configure:6372: checking for library containing pthread_sigmask
configure:6403: g++ -o conftest -g -O2 -std=c++11  -I../common -DHAS_TLS -fno-strict-aliasing -DHAVE_SETRLIMIT -DHAVE_STRNLEN  -I/usr/include -DHAVE_MONOTONIC_CLOCK  -L/usr/lib conftest.cpp -lpthread -lz  >&5
configure:6403: $? = 0
configure:6420: result: none required
configure:6430: checking for library containing pthread_attr_init
configure:6461: g++ -o conftest -g -O2 -std=c++11  -I../common -DHAS_TLS -fno-strict-aliasing -DHAVE_SETRLIMIT -DHAVE_STRNLEN  -I/usr/include -DHAVE_MONOTONIC_CLOCK  -L/usr/lib conftest.cpp -lpthread -lz  >&5
configure:6461: $? = 0
configure:6478: result: none required
configure:6488: checking for library containing pthread_attr_setstacksize
configure:6519: g++ -o conftest -g -O2 -std=c++11  -I../common -DHAS_TLS -fno-strict-aliasing -DHAVE_SETRLIMIT -DHAVE_STRNLEN  -I/usr/include -DHAVE_MONOTONIC_CLOCK  -L/usr/lib conftest.cpp -lpthread -lz  >&5
configure:6519: $? = 0
configure:6536: result: none required
configure:6546: checking for library containing pthread_attr_destroy
configure:6577: g++ -o conftest -g -O2 -std=c++11  -I../common -DHAS_TLS -fno-strict-aliasing -DHAVE_SETRLIMIT -DHAVE_STRNLEN  -I/usr/include -DHAVE_MONOTONIC_CLOCK  -L/usr/lib conftest.cpp -lpthread -lz  >&5
configure:6577: $? = 0
configure:6594: result: none required
configure:6604: checking for library containing pthread_cancel
configure:6635: g++ -o conftest -g -O2 -std=c++11  -I../common -DHAS_TLS -fno-strict-aliasing -DHAVE_SETRLIMIT -DHAVE_STRNLEN  -I/usr/include -DHAVE_MONOTONIC_CLOCK  -L/usr/lib conftest.cpp -lpthread -lz  >&5
configure:6635: $? = 0
configure:6652: result: none required
configure:6662: checking for library containing pthread_join
configure:6693: g++ -o conftest -g -O2 -std=c++11  -I../common -DHAS_TLS -fno-strict-aliasing -DHAVE_SETRLIMIT -DHAVE_STRNLEN  -I/usr/include -DHAVE_MONOTONIC_CLOCK  -L/usr/lib conftest.cpp -lpthread -lz  >&5
configure:6693: $? = 0
configure:6710: result: none required
configure:6729: checking for mysql_config
configure:6747: found /usr/bin/mysql_config
configure:6760: result: /usr/bin/mysql_config
configure:6784: checking for mysql_init in -lmysqlclient
configure:6809: g++ -o conftest -g -O2 -std=c++11  -I../common -DHAS_TLS -fno-strict-aliasing -DHAVE_SETRLIMIT -DHAVE_STRNLEN  -I/usr/include -DHAVE_MONOTONIC_CLOCK -I/usr/include/mysql  -L/usr/lib -L/usr/lib/x86_64-linux-gnu -lmysqlclient -lpthread -lz -lm -lrt -lssl -lcrypto -ldl -lresolv conftest.cpp -lmysqlclient  -lpthread -lz  >&5
configure:6809: $? = 0
configure:6818: result: yes
configure:6824: checking mysql.h usability
configure:6824: g++ -c -g -O2 -std=c++11  -I../common -DHAS_TLS -fno-strict-aliasing -DHAVE_SETRLIMIT -DHAVE_STRNLEN  -I/usr/include -DHAVE_MONOTONIC_CLOCK -I/usr/include/mysql conftest.cpp >&5
configure:6824: $? = 0
configure:6824: result: yes
configure:6824: checking mysql.h presence
configure:6824: g++ -E  -I../common -DHAS_TLS -fno-strict-aliasing -DHAVE_SETRLIMIT -DHAVE_STRNLEN  -I/usr/include -DHAVE_MONOTONIC_CLOCK -I/usr/include/mysql conftest.cpp
configure:6824: $? = 0
configure:6824: result: yes
configure:6824: checking for mysql.h
configure:6824: result: yes
configure:6835: checking MySQL library (required)
configure:6838: result: yes (8.0.22)
configure:6867: checking for library containing pcre_study
configure:6898: g++ -o conftest -g -O2 -std=c++11  -I../common -DHAS_TLS -fno-strict-aliasing -DHAVE_SETRLIMIT -DHAVE_STRNLEN  -I/usr/include -DHAVE_MONOTONIC_CLOCK  -L/usr/lib conftest.cpp -lpthread -lz  >&5
/usr/bin/ld: /tmp/cc6eT2ov.o: in function `main':
/home/bruninho/plusro/conftest.cpp:38: undefined reference to `pcre_study'
collect2: error: ld returned 1 exit status
configure:6898: $? = 1
configure: failed program was:
| /* confdefs.h */
| #define PACKAGE_NAME ""
| #define PACKAGE_TARNAME ""
| #define PACKAGE_VERSION ""
| #define PACKAGE_STRING ""
| #define PACKAGE_BUGREPORT ""
| #define PACKAGE_URL ""
| #define STDC_HEADERS 1
| #define HAVE_SYS_TYPES_H 1
| #define HAVE_SYS_STAT_H 1
| #define HAVE_STDLIB_H 1
| #define HAVE_STRING_H 1
| #define HAVE_MEMORY_H 1
| #define HAVE_STRINGS_H 1
| #define HAVE_INTTYPES_H 1
| #define HAVE_STDINT_H 1
| #define HAVE_UNISTD_H 1
| #define __EXTENSIONS__ 1
| #define _ALL_SOURCE 1
| #define _GNU_SOURCE 1
| #define _POSIX_PTHREAD_SEMANTICS 1
| #define _TANDEM_SOURCE 1
| #define HAVE_USELOCALE 1
| #define HAVE_NEWLOCALE 1
| #define HAVE_FREELOCALE 1
| /* end confdefs.h.  */
| 
| /* Override any GCC internal prototype to avoid an error.
|    Use char because int might match the return type of a GCC
|    builtin and then its argument prototype would still apply.  */
| #ifdef __cplusplus
| extern "C"
| #endif
| char pcre_study ();
| int
| main ()
| {
| return pcre_study ();
|   ;
|   return 0;
| }
configure:6898: g++ -o conftest -g -O2 -std=c++11  -I../common -DHAS_TLS -fno-strict-aliasing -DHAVE_SETRLIMIT -DHAVE_STRNLEN  -I/usr/include -DHAVE_MONOTONIC_CLOCK  -L/usr/lib conftest.cpp -lpcre  -lpthread -lz  >&5
configure:6898: $? = 0
configure:6915: result: -lpcre
configure:6976: checking PCRE library (optional)
configure:6980: result: yes (8.39)
configure:7003: checking host OS
configure:7006: result: Linux
configure:7031: checking for MinGW
configure:7042: result: no
configure:7052: Configure finish
configure:7054: CPPFLAGS=  -I../common -DHAS_TLS -fno-strict-aliasing -DHAVE_SETRLIMIT -DHAVE_STRNLEN  -I/usr/include -DHAVE_MONOTONIC_CLOCK
configure:7056: CFLAGS= -flto -fuse-linker-plugin -g -O2 -pipe -ffast-math -Wall -Wempty-body -Wno-switch -Wno-missing-field-initializers -Wno-maybe-uninitialized -Wno-clobbered -Wshadow
configure:7058: CFLAGS_AR= -flto -fuse-linker-plugin -ffat-lto-objects -flto -fuse-linker-plugin -g -O2 -pipe -ffast-math -Wall -Wempty-body -Wno-switch -Wno-missing-field-initializers -Wno-maybe-uninitialized -Wno-clobbered -Wshadow
configure:7060: LDFLAGS=  -L/usr/lib
configure:7064: output name =  login-server, char-server, map-server
configure:7211: creating ./config.status

## ---------------------- ##
## Running config.status. ##
## ---------------------- ##

This file was extended by config.status, which was
generated by GNU Autoconf 2.69.  Invocation command line was

  CONFIG_FILES    = 
  CONFIG_HEADERS  = 
  CONFIG_LINKS    = 
  CONFIG_COMMANDS = 
  $ ./config.status 

on DESKTOP-N9GDISC

config.status:751: creating Makefile
config.status:751: creating src/common/Makefile
config.status:751: creating 3rdparty/libconfig/Makefile
config.status:751: creating 3rdparty/yaml-cpp/Makefile
config.status:751: creating src/char/Makefile
config.status:751: creating src/login/Makefile
config.status:751: creating src/map/Makefile
config.status:751: creating src/tool/Makefile

## ---------------- ##
## Cache variables. ##
## ---------------- ##

ac_cv_c_bigendian=no
ac_cv_c_compiler_gnu=yes
ac_cv_cxx_compiler_gnu=yes
ac_cv_env_CCC_set=
ac_cv_env_CCC_value=
ac_cv_env_CC_set=
ac_cv_env_CC_value=
ac_cv_env_CFLAGS_set=
ac_cv_env_CFLAGS_value=
ac_cv_env_CPPFLAGS_set=
ac_cv_env_CPPFLAGS_value=
ac_cv_env_CXXCPP_set=
ac_cv_env_CXXCPP_value=
ac_cv_env_CXXFLAGS_set=
ac_cv_env_CXXFLAGS_value=
ac_cv_env_CXX_set=
ac_cv_env_CXX_value=
ac_cv_env_LDFLAGS_set=
ac_cv_env_LDFLAGS_value=
ac_cv_env_LIBS_set=
ac_cv_env_LIBS_value=
ac_cv_env_build_alias_set=
ac_cv_env_build_alias_value=
ac_cv_env_host_alias_set=
ac_cv_env_host_alias_value=
ac_cv_env_target_alias_set=
ac_cv_env_target_alias_value=
ac_cv_func_freelocale=yes
ac_cv_func_newlocale=yes
ac_cv_func_setrlimit=yes
ac_cv_func_strnlen=yes
ac_cv_func_uselocale=yes
ac_cv_header_inttypes_h=yes
ac_cv_header_memory_h=yes
ac_cv_header_minix_config_h=no
ac_cv_header_mysql_h=yes
ac_cv_header_stdc=yes
ac_cv_header_stdint_h=yes
ac_cv_header_stdlib_h=yes
ac_cv_header_string_h=yes
ac_cv_header_strings_h=yes
ac_cv_header_sys_stat_h=yes
ac_cv_header_sys_types_h=yes
ac_cv_header_unistd_h=yes
ac_cv_header_xlocale_h=no
ac_cv_header_zlib_h=yes
ac_cv_lib_mysqlclient_mysql_init=yes
ac_cv_objext=o
ac_cv_path_AR=/usr/bin/ar
ac_cv_path_EGREP='/usr/bin/grep -E'
ac_cv_path_GREP=/usr/bin/grep
ac_cv_path_MYSQL_CONFIG_HOME=/usr/bin/mysql_config
ac_cv_prog_CXXCPP='g++ -E'
ac_cv_prog_ac_ct_CC=gcc
ac_cv_prog_ac_ct_CXX=g++
ac_cv_prog_cc_c89=
ac_cv_prog_cc_g=yes
ac_cv_prog_cxx_g=yes
ac_cv_prog_make_make_set=yes
ac_cv_safe_to_define___extensions__=yes
ac_cv_search_clock_gettime='none required'
ac_cv_search_inflateEnd=-lz
ac_cv_search_pcre_study=-lpcre
ac_cv_search_pthread_attr_destroy='none required'
ac_cv_search_pthread_attr_init='none required'
ac_cv_search_pthread_attr_setstacksize='none required'
ac_cv_search_pthread_cancel='none required'
ac_cv_search_pthread_create=-lpthread
ac_cv_search_pthread_join='none required'
ac_cv_search_pthread_sigmask='none required'
ac_cv_search_sqrt='none required'

## ----------------- ##
## Output variables. ##
## ----------------- ##

AR='/usr/bin/ar'
CC='gcc'
CFLAGS='-flto -fuse-linker-plugin -g -O2 -pipe -ffast-math -Wall -Wempty-body -Wno-switch -Wno-missing-field-initializers -Wno-maybe-uninitialized -Wno-clobbered -Wshadow'
CFLAGS_AR='-flto -fuse-linker-plugin -ffat-lto-objects -flto -fuse-linker-plugin -g -O2 -pipe -ffast-math -Wall -Wempty-body -Wno-switch -Wno-missing-field-initializers -Wno-maybe-uninitialized -Wno-clobbered -Wshadow'
CPPFLAGS=' -I../common -DHAS_TLS -fno-strict-aliasing -DHAVE_SETRLIMIT -DHAVE_STRNLEN  -I/usr/include -DHAVE_MONOTONIC_CLOCK'
CXX='g++'
CXXCPP='g++ -E'
CXXFLAGS='-g -O2 -std=c++11'
CXXFLAG_CLEARS='-std=c++11  -I../common -DHAS_TLS -fno-strict-aliasing -DHAVE_SETRLIMIT -DHAVE_STRNLEN  -I/usr/include -DHAVE_MONOTONIC_CLOCK'
DEFS='-DPACKAGE_NAME=\"\" -DPACKAGE_TARNAME=\"\" -DPACKAGE_VERSION=\"\" -DPACKAGE_STRING=\"\" -DPACKAGE_BUGREPORT=\"\" -DPACKAGE_URL=\"\" -DSTDC_HEADERS=1 -DHAVE_SYS_TYPES_H=1 -DHAVE_SYS_STAT_H=1 -DHAVE_STDLIB_H=1 -DHAVE_STRING_H=1 -DHAVE_MEMORY_H=1 -DHAVE_STRINGS_H=1 -DHAVE_INTTYPES_H=1 -DHAVE_STDINT_H=1 -DHAVE_UNISTD_H=1 -D__EXTENSIONS__=1 -D_ALL_SOURCE=1 -D_GNU_SOURCE=1 -D_POSIX_PTHREAD_SEMANTICS=1 -D_TANDEM_SOURCE=1 -DHAVE_USELOCALE=1 -DHAVE_NEWLOCALE=1 -DHAVE_FREELOCALE=1'
DLLEXT='.so'
ECHO_C=''
ECHO_N='-n'
ECHO_T=''
EGREP='/usr/bin/grep -E'
EXEEXT=''
GREP='/usr/bin/grep'
HAVE_MYSQL='yes'
HAVE_PCRE='yes'
LDFLAGS=' -L/usr/lib'
LIBOBJS=''
LIBS='-lpcre -lpthread -lz  -ldl'
LTLIBOBJS=''
MYSQL_CFLAGS='-I/usr/include/mysql'
MYSQL_CONFIG_HOME='/usr/bin/mysql_config'
MYSQL_LIBS='-L/usr/lib/x86_64-linux-gnu -lmysqlclient -lpthread -lz -lm -lrt -lssl -lcrypto -ldl -lresolv'
MYSQL_VERSION='8.0.22'
OBJEXT='o'
OCHR='char-server'
OLOG='login-server'
OMAP='map-server'
PACKAGE_BUGREPORT=''
PACKAGE_NAME=''
PACKAGE_STRING=''
PACKAGE_TARNAME=''
PACKAGE_URL=''
PACKAGE_VERSION=''
PATH_SEPARATOR=':'
PCRE_CFLAGS=''
PCRE_LIBS='-lpcre'
PCRE_VERSION='8.39'
SET_MAKE=''
SHELL='/bin/bash'
SOFLAGS=''
WITH_PLUGINS='no'
ac_ct_CC='gcc'
ac_ct_CXX='g++'
bindir='${exec_prefix}/bin'
build_alias=''
datadir='${datarootdir}'
datarootdir='${prefix}/share'
docdir='${datarootdir}/doc/${PACKAGE}'
dvidir='${docdir}'
exec_prefix='${prefix}'
host_alias=''
htmldir='${docdir}'
includedir='${prefix}/include'
infodir='${datarootdir}/info'
libdir='${exec_prefix}/lib'
libexecdir='${exec_prefix}/libexec'
localedir='${datarootdir}/locale'
localstatedir='${prefix}/var'
mandir='${datarootdir}/man'
oldincludedir='/usr/include'
pdfdir='${docdir}'
prefix='/usr/local'
program_transform_name='s,x,x,'
psdir='${docdir}'
sbindir='${exec_prefix}/sbin'
sharedstatedir='${prefix}/com'
sysconfdir='${prefix}/etc'
target_alias=''

## ----------- ##
## confdefs.h. ##
## ----------- ##

/* confdefs.h */
#define PACKAGE_NAME ""
#define PACKAGE_TARNAME ""
#define PACKAGE_VERSION ""
#define PACKAGE_STRING ""
#define PACKAGE_BUGREPORT ""
#define PACKAGE_URL ""
#define STDC_HEADERS 1
#define HAVE_SYS_TYPES_H 1
#define HAVE_SYS_STAT_H 1
#define HAVE_STDLIB_H 1
#define HAVE_STRING_H 1
#define HAVE_MEMORY_H 1
#define HAVE_STRINGS_H 1
#define HAVE_INTTYPES_H 1
#define HAVE_STDINT_H 1
#define HAVE_UNISTD_H 1
#define __EXTENSIONS__ 1
#define _ALL_SOURCE 1
#define _GNU_SOURCE 1
#define _POSIX_PTHREAD_SEMANTICS 1
#define _TANDEM_SOURCE 1
#define HAVE_USELOCALE 1
#define HAVE_NEWLOCALE 1
#define HAVE_FREELOCALE 1

configure: exit 0
